2022-09-29 15:58:07.647  INFO [albums-ws,,] 14052 --- [main] c.b.a.AlbumserviceApplication            : Starting AlbumserviceApplication using Java 17.0.3 on DESKTOP-83K5E88 with PID 14052 (C:\project_workspace\backend_workspace\Backend\albumservice\target\classes started by rraje in C:\project_workspace\backend_workspace\Backend\albumservice)
2022-09-29 15:58:07.657  INFO [albums-ws,,] 14052 --- [main] c.b.a.AlbumserviceApplication            : No active profile set, falling back to 1 default profile: "default"
2022-09-29 15:58:10.568  INFO [albums-ws,,] 14052 --- [main] o.s.cloud.context.scope.GenericScope     : BeanFactory id=7f8797a2-9164-3f31-bcdb-7098478ee5b7
2022-09-29 15:58:12.448  INFO [albums-ws,,] 14052 --- [main] o.s.b.w.embedded.tomcat.TomcatWebServer  : Tomcat initialized with port(s): 0 (http)
2022-09-29 15:58:12.478  INFO [albums-ws,,] 14052 --- [main] o.apache.catalina.core.StandardService   : Starting service [Tomcat]
2022-09-29 15:58:12.479  INFO [albums-ws,,] 14052 --- [main] org.apache.catalina.core.StandardEngine  : Starting Servlet engine: [Apache Tomcat/9.0.65]
2022-09-29 15:58:13.018  INFO [albums-ws,,] 14052 --- [main] o.a.c.c.C.[Tomcat].[localhost].[/]       : Initializing Spring embedded WebApplicationContext
2022-09-29 15:58:13.020  INFO [albums-ws,,] 14052 --- [main] w.s.c.ServletWebServerApplicationContext : Root WebApplicationContext: initialization completed in 5142 ms
2022-09-29 15:58:17.129  INFO [albums-ws,,] 14052 --- [main] DiscoveryClientOptionalArgsConfiguration : Eureka HTTP Client uses RestTemplate.
2022-09-29 15:58:18.562  WARN [albums-ws,,] 14052 --- [main] iguration$LoadBalancerCaffeineWarnLogger : Spring Cloud LoadBalancer is currently working with the default cache. While this cache implementation is useful for development and tests, it's recommended to use Caffeine cache in production.You can switch to using Caffeine cache, by adding it and org.springframework.cache.caffeine.CaffeineCacheManager to the classpath.
2022-09-29 15:58:18.973  INFO [albums-ws,,] 14052 --- [main] o.s.b.w.embedded.tomcat.TomcatWebServer  : Tomcat started on port(s): 63848 (http) with context path ''
2022-09-29 15:58:18.980  INFO [albums-ws,,] 14052 --- [main] .s.c.n.e.s.EurekaAutoServiceRegistration : Updating port to 63848
2022-09-29 15:58:18.999  INFO [albums-ws,,] 14052 --- [main] o.s.c.n.eureka.InstanceInfoFactory       : Setting initial instance status as: STARTING
2022-09-29 15:58:19.177  INFO [albums-ws,,] 14052 --- [main] com.netflix.discovery.DiscoveryClient    : Initializing Eureka in region us-east-1
2022-09-29 15:58:19.201  INFO [albums-ws,,] 14052 --- [main] c.n.d.s.r.aws.ConfigClusterResolver      : Resolving eureka endpoints via configuration
2022-09-29 15:58:19.306  INFO [albums-ws,,] 14052 --- [main] com.netflix.discovery.DiscoveryClient    : Disable delta property : false
2022-09-29 15:58:19.308  INFO [albums-ws,,] 14052 --- [main] com.netflix.discovery.DiscoveryClient    : Single vip registry refresh property : null
2022-09-29 15:58:19.308  INFO [albums-ws,,] 14052 --- [main] com.netflix.discovery.DiscoveryClient    : Force full registry fetch : false
2022-09-29 15:58:19.309  INFO [albums-ws,,] 14052 --- [main] com.netflix.discovery.DiscoveryClient    : Application is null : false
2022-09-29 15:58:19.309  INFO [albums-ws,,] 14052 --- [main] com.netflix.discovery.DiscoveryClient    : Registered Applications size is zero : true
2022-09-29 15:58:19.310  INFO [albums-ws,,] 14052 --- [main] com.netflix.discovery.DiscoveryClient    : Application version is -1: true
2022-09-29 15:58:19.310  INFO [albums-ws,,] 14052 --- [main] com.netflix.discovery.DiscoveryClient    : Getting all instance registry info from the eureka server
2022-09-29 15:58:20.443  INFO [albums-ws,,] 14052 --- [main] com.netflix.discovery.DiscoveryClient    : The response status is 200
2022-09-29 15:58:20.465  INFO [albums-ws,,] 14052 --- [main] com.netflix.discovery.DiscoveryClient    : Starting heartbeat executor: renew interval is: 30
2022-09-29 15:58:20.487  INFO [albums-ws,,] 14052 --- [main] c.n.discovery.InstanceInfoReplicator     : InstanceInfoReplicator onDemand update allowed rate per min is 4
2022-09-29 15:58:20.527  INFO [albums-ws,,] 14052 --- [main] com.netflix.discovery.DiscoveryClient    : Discovery Client initialized at timestamp 1664447300523 with initial instances count: 2
2022-09-29 15:58:20.562  INFO [albums-ws,,] 14052 --- [main] o.s.c.n.e.s.EurekaServiceRegistry        : Registering application ALBUMS-WS with eureka with status UP
2022-09-29 15:58:20.565  INFO [albums-ws,,] 14052 --- [main] com.netflix.discovery.DiscoveryClient    : Saw local status change event StatusChangeEvent [timestamp=1664447300565, current=UP, previous=STARTING]
2022-09-29 15:58:20.571  INFO [albums-ws,,] 14052 --- [DiscoveryClient-InstanceInfoReplicator-0] com.netflix.discovery.DiscoveryClient    : DiscoveryClient_ALBUMS-WS/albums-ws:cb282c8a48736dbff0a04e1b5edbc903: registering service...
2022-09-29 15:58:20.745  INFO [albums-ws,,] 14052 --- [DiscoveryClient-InstanceInfoReplicator-0] com.netflix.discovery.DiscoveryClient    : DiscoveryClient_ALBUMS-WS/albums-ws:cb282c8a48736dbff0a04e1b5edbc903 - registration status: 204
2022-09-29 15:58:21.008  INFO [albums-ws,,] 14052 --- [main] c.b.a.AlbumserviceApplication            : Started AlbumserviceApplication in 15.605 seconds (JVM running for 18.086)
2022-09-29 15:58:56.830  INFO [albums-ws,61752f2a69d788c1,f3e015d97a04dfd0] 14052 --- [http-nio-auto-1-exec-2] o.a.c.c.C.[Tomcat].[localhost].[/]       : Initializing Spring DispatcherServlet 'dispatcherServlet'
2022-09-29 15:58:56.834  INFO [albums-ws,61752f2a69d788c1,f3e015d97a04dfd0] 14052 --- [http-nio-auto-1-exec-2] o.s.web.servlet.DispatcherServlet        : Initializing Servlet 'dispatcherServlet'
2022-09-29 15:58:56.839  INFO [albums-ws,61752f2a69d788c1,f3e015d97a04dfd0] 14052 --- [http-nio-auto-1-exec-2] o.s.web.servlet.DispatcherServlet        : Completed initialization in 4 ms
2022-09-29 15:58:56.993  INFO [albums-ws,61752f2a69d788c1,f3e015d97a04dfd0] 14052 --- [http-nio-auto-1-exec-2] c.b.a.io.controllers.AlbumsController    : @userAlbums
2022-09-29 15:58:56.996  INFO [albums-ws,61752f2a69d788c1,f3e015d97a04dfd0] 14052 --- [http-nio-auto-1-exec-2] c.b.a.service.AlbumsServiceImpl          : @getAlbums
2022-09-29 15:58:57.202  INFO [albums-ws,61752f2a69d788c1,f3e015d97a04dfd0] 14052 --- [http-nio-auto-1-exec-2] c.b.a.io.controllers.AlbumsController    : Returning 2 albums
2022-09-29 16:03:19.326  INFO [albums-ws,,] 14052 --- [AsyncResolver-bootstrap-executor-0] c.n.d.s.r.aws.ConfigClusterResolver      : Resolving eureka endpoints via configuration
2022-09-29 16:08:19.338  INFO [albums-ws,,] 14052 --- [AsyncResolver-bootstrap-executor-0] c.n.d.s.r.aws.ConfigClusterResolver      : Resolving eureka endpoints via configuration
2022-09-29 16:13:19.349  INFO [albums-ws,,] 14052 --- [AsyncResolver-bootstrap-executor-0] c.n.d.s.r.aws.ConfigClusterResolver      : Resolving eureka endpoints via configuration
2022-09-29 16:18:19.365  INFO [albums-ws,,] 14052 --- [AsyncResolver-bootstrap-executor-0] c.n.d.s.r.aws.ConfigClusterResolver      : Resolving eureka endpoints via configuration
2022-09-29 16:23:19.375  INFO [albums-ws,,] 14052 --- [AsyncResolver-bootstrap-executor-0] c.n.d.s.r.aws.ConfigClusterResolver      : Resolving eureka endpoints via configuration
2022-09-29 16:28:19.388  INFO [albums-ws,,] 14052 --- [AsyncResolver-bootstrap-executor-0] c.n.d.s.r.aws.ConfigClusterResolver      : Resolving eureka endpoints via configuration
2022-09-29 16:33:19.395  INFO [albums-ws,,] 14052 --- [AsyncResolver-bootstrap-executor-0] c.n.d.s.r.aws.ConfigClusterResolver      : Resolving eureka endpoints via configuration
2022-09-29 16:38:19.409  INFO [albums-ws,,] 14052 --- [AsyncResolver-bootstrap-executor-0] c.n.d.s.r.aws.ConfigClusterResolver      : Resolving eureka endpoints via configuration
2022-09-29 16:43:19.423  INFO [albums-ws,,] 14052 --- [AsyncResolver-bootstrap-executor-0] c.n.d.s.r.aws.ConfigClusterResolver      : Resolving eureka endpoints via configuration
2022-09-29 16:48:19.439  INFO [albums-ws,,] 14052 --- [AsyncResolver-bootstrap-executor-0] c.n.d.s.r.aws.ConfigClusterResolver      : Resolving eureka endpoints via configuration
2022-09-29 16:53:19.453  INFO [albums-ws,,] 14052 --- [AsyncResolver-bootstrap-executor-0] c.n.d.s.r.aws.ConfigClusterResolver      : Resolving eureka endpoints via configuration
2022-09-29 16:58:19.464  INFO [albums-ws,,] 14052 --- [AsyncResolver-bootstrap-executor-0] c.n.d.s.r.aws.ConfigClusterResolver      : Resolving eureka endpoints via configuration
2022-09-29 17:03:19.470  INFO [albums-ws,,] 14052 --- [AsyncResolver-bootstrap-executor-0] c.n.d.s.r.aws.ConfigClusterResolver      : Resolving eureka endpoints via configuration
2022-09-29 17:08:19.479  INFO [albums-ws,,] 14052 --- [AsyncResolver-bootstrap-executor-0] c.n.d.s.r.aws.ConfigClusterResolver      : Resolving eureka endpoints via configuration
2022-09-29 17:13:19.510  INFO [albums-ws,,] 14052 --- [AsyncResolver-bootstrap-executor-0] c.n.d.s.r.aws.ConfigClusterResolver      : Resolving eureka endpoints via configuration
2022-09-29 17:18:19.657  INFO [albums-ws,,] 14052 --- [AsyncResolver-bootstrap-executor-0] c.n.d.s.r.aws.ConfigClusterResolver      : Resolving eureka endpoints via configuration
2022-09-29 17:23:19.666  INFO [albums-ws,,] 14052 --- [AsyncResolver-bootstrap-executor-0] c.n.d.s.r.aws.ConfigClusterResolver      : Resolving eureka endpoints via configuration
2022-09-29 17:28:19.681  INFO [albums-ws,,] 14052 --- [AsyncResolver-bootstrap-executor-0] c.n.d.s.r.aws.ConfigClusterResolver      : Resolving eureka endpoints via configuration
2022-09-29 17:33:19.689  INFO [albums-ws,,] 14052 --- [AsyncResolver-bootstrap-executor-0] c.n.d.s.r.aws.ConfigClusterResolver      : Resolving eureka endpoints via configuration
2022-09-29 17:37:21.969  INFO [albums-ws,d7fbc6a326dcddb2,43fe9f2770c44d93] 14052 --- [http-nio-auto-1-exec-1] c.b.a.io.controllers.AlbumsController    : @userAlbums
2022-09-29 17:37:21.971  INFO [albums-ws,d7fbc6a326dcddb2,43fe9f2770c44d93] 14052 --- [http-nio-auto-1-exec-1] c.b.a.service.AlbumsServiceImpl          : @getAlbums
2022-09-29 17:37:22.109  INFO [albums-ws,d7fbc6a326dcddb2,43fe9f2770c44d93] 14052 --- [http-nio-auto-1-exec-1] c.b.a.io.controllers.AlbumsController    : Returning 2 albums
2022-09-29 17:37:25.576  WARN [albums-ws,,] 14052 --- [AsyncReporter{RestTemplateSender{http://localhost:9411/api/v2/spans}}] z.r.AsyncReporter$BoundedAsyncReporter   : Spans were dropped due to exceptions. All subsequent errors will be logged at FINE level.
2022-09-29 17:37:31.662  WARN [albums-ws,,] 14052 --- [AsyncReporter{RestTemplateSender{http://localhost:9411/api/v2/spans}}] z.r.AsyncReporter$BoundedAsyncReporter   : Dropped 1 spans due to ResourceAccessException(I/O error on POST request for "http://localhost:9411/api/v2/spans": Read timed out; nested exception is java.net.SocketTimeoutException: Read timed out)

org.springframework.web.client.ResourceAccessException: I/O error on POST request for "http://localhost:9411/api/v2/spans": Read timed out; nested exception is java.net.SocketTimeoutException: Read timed out
	at org.springframework.web.client.RestTemplate.doExecute(RestTemplate.java:785) ~[spring-web-5.3.22.jar:5.3.22]
	at org.springframework.cloud.sleuth.zipkin2.ZipkinRestTemplateWrapper.doExecute(ZipkinRestTemplateWrapper.java:67) ~[spring-cloud-sleuth-zipkin-3.1.3.jar:3.1.3]
	at org.springframework.web.client.RestTemplate.exchange(RestTemplate.java:660) ~[spring-web-5.3.22.jar:5.3.22]
	at org.springframework.cloud.sleuth.zipkin2.RestTemplateSender.post(RestTemplateSender.java:51) ~[spring-cloud-sleuth-zipkin-3.1.3.jar:3.1.3]
	at org.springframework.cloud.sleuth.zipkin2.RestTemplateSender.lambda$new$0(RestTemplateSender.java:44) ~[spring-cloud-sleuth-zipkin-3.1.3.jar:3.1.3]
	at org.springframework.cloud.sleuth.zipkin2.HttpSender.post(HttpSender.java:137) ~[spring-cloud-sleuth-zipkin-3.1.3.jar:3.1.3]
	at org.springframework.cloud.sleuth.zipkin2.HttpSender$HttpPostCall.doExecute(HttpSender.java:150) ~[spring-cloud-sleuth-zipkin-3.1.3.jar:3.1.3]
	at org.springframework.cloud.sleuth.zipkin2.HttpSender$HttpPostCall.doExecute(HttpSender.java:140) ~[spring-cloud-sleuth-zipkin-3.1.3.jar:3.1.3]
	at zipkin2.Call$Base.execute(Call.java:391) ~[zipkin-2.23.2.jar:na]
	at zipkin2.reporter.AsyncReporter$BoundedAsyncReporter.flush(AsyncReporter.java:299) ~[zipkin-reporter-2.16.3.jar:na]
	at zipkin2.reporter.AsyncReporter$Flusher.run(AsyncReporter.java:378) ~[zipkin-reporter-2.16.3.jar:na]
	at java.base/java.lang.Thread.run(Thread.java:833) ~[na:na]
Caused by: java.net.SocketTimeoutException: Read timed out
	at java.base/sun.nio.ch.NioSocketImpl.timedRead(NioSocketImpl.java:283) ~[na:na]
	at java.base/sun.nio.ch.NioSocketImpl.implRead(NioSocketImpl.java:309) ~[na:na]
	at java.base/sun.nio.ch.NioSocketImpl.read(NioSocketImpl.java:350) ~[na:na]
	at java.base/sun.nio.ch.NioSocketImpl$1.read(NioSocketImpl.java:803) ~[na:na]
	at java.base/java.net.Socket$SocketInputStream.read(Socket.java:966) ~[na:na]
	at java.base/java.io.BufferedInputStream.fill(BufferedInputStream.java:244) ~[na:na]
	at java.base/java.io.BufferedInputStream.read1(BufferedInputStream.java:284) ~[na:na]
	at java.base/java.io.BufferedInputStream.read(BufferedInputStream.java:343) ~[na:na]
	at java.base/sun.net.www.http.HttpClient.parseHTTPHeader(HttpClient.java:791) ~[na:na]
	at java.base/sun.net.www.http.HttpClient.parseHTTP(HttpClient.java:726) ~[na:na]
	at java.base/sun.net.www.protocol.http.HttpURLConnection.getInputStream0(HttpURLConnection.java:1688) ~[na:na]
	at java.base/sun.net.www.protocol.http.HttpURLConnection.getInputStream(HttpURLConnection.java:1589) ~[na:na]
	at java.base/java.net.HttpURLConnection.getResponseCode(HttpURLConnection.java:529) ~[na:na]
	at org.springframework.http.client.SimpleClientHttpResponse.getRawStatusCode(SimpleClientHttpResponse.java:55) ~[spring-web-5.3.22.jar:5.3.22]
	at org.springframework.web.client.DefaultResponseErrorHandler.hasError(DefaultResponseErrorHandler.java:61) ~[spring-web-5.3.22.jar:5.3.22]
	at org.springframework.web.client.RestTemplate.handleResponse(RestTemplate.java:807) ~[spring-web-5.3.22.jar:5.3.22]
	at org.springframework.web.client.RestTemplate.doExecute(RestTemplate.java:777) ~[spring-web-5.3.22.jar:5.3.22]
	... 11 common frames omitted

2022-09-29 17:38:19.702  INFO [albums-ws,,] 14052 --- [AsyncResolver-bootstrap-executor-0] c.n.d.s.r.aws.ConfigClusterResolver      : Resolving eureka endpoints via configuration
2022-09-29 17:43:19.707  INFO [albums-ws,,] 14052 --- [AsyncResolver-bootstrap-executor-0] c.n.d.s.r.aws.ConfigClusterResolver      : Resolving eureka endpoints via configuration
2022-09-29 17:48:19.751  INFO [albums-ws,,] 14052 --- [AsyncResolver-bootstrap-executor-0] c.n.d.s.r.aws.ConfigClusterResolver      : Resolving eureka endpoints via configuration
2022-09-29 17:53:19.761  INFO [albums-ws,,] 14052 --- [AsyncResolver-bootstrap-executor-0] c.n.d.s.r.aws.ConfigClusterResolver      : Resolving eureka endpoints via configuration
2022-09-29 17:58:19.778  INFO [albums-ws,,] 14052 --- [AsyncResolver-bootstrap-executor-0] c.n.d.s.r.aws.ConfigClusterResolver      : Resolving eureka endpoints via configuration
2022-09-29 18:03:19.793  INFO [albums-ws,,] 14052 --- [AsyncResolver-bootstrap-executor-0] c.n.d.s.r.aws.ConfigClusterResolver      : Resolving eureka endpoints via configuration
2022-09-29 18:08:19.805  INFO [albums-ws,,] 14052 --- [AsyncResolver-bootstrap-executor-0] c.n.d.s.r.aws.ConfigClusterResolver      : Resolving eureka endpoints via configuration
2022-09-29 18:13:19.813  INFO [albums-ws,,] 14052 --- [AsyncResolver-bootstrap-executor-0] c.n.d.s.r.aws.ConfigClusterResolver      : Resolving eureka endpoints via configuration
2022-09-29 18:18:19.847  INFO [albums-ws,,] 14052 --- [AsyncResolver-bootstrap-executor-0] c.n.d.s.r.aws.ConfigClusterResolver      : Resolving eureka endpoints via configuration
2022-09-29 18:23:19.853  INFO [albums-ws,,] 14052 --- [AsyncResolver-bootstrap-executor-0] c.n.d.s.r.aws.ConfigClusterResolver      : Resolving eureka endpoints via configuration
2022-09-29 18:28:19.870  INFO [albums-ws,,] 14052 --- [AsyncResolver-bootstrap-executor-0] c.n.d.s.r.aws.ConfigClusterResolver      : Resolving eureka endpoints via configuration
2022-09-29 18:33:19.880  INFO [albums-ws,,] 14052 --- [AsyncResolver-bootstrap-executor-0] c.n.d.s.r.aws.ConfigClusterResolver      : Resolving eureka endpoints via configuration
2022-09-29 18:37:49.870  WARN [albums-ws,,] 14052 --- [DiscoveryClient-0] c.netflix.discovery.TimedSupervisorTask  : task supervisor timed out

java.util.concurrent.TimeoutException: null
	at java.base/java.util.concurrent.FutureTask.get(FutureTask.java:204) ~[na:na]
	at com.netflix.discovery.TimedSupervisorTask.run(TimedSupervisorTask.java:68) ~[eureka-client-1.10.17.jar:1.10.17]
	at java.base/java.util.concurrent.Executors$RunnableAdapter.call(Executors.java:539) ~[na:na]
	at java.base/java.util.concurrent.FutureTask.run(FutureTask.java:264) ~[na:na]
	at java.base/java.util.concurrent.ScheduledThreadPoolExecutor$ScheduledFutureTask.run(ScheduledThreadPoolExecutor.java:304) ~[na:na]
	at java.base/java.util.concurrent.ThreadPoolExecutor.runWorker(ThreadPoolExecutor.java:1136) ~[na:na]
	at java.base/java.util.concurrent.ThreadPoolExecutor$Worker.run(ThreadPoolExecutor.java:635) ~[na:na]
	at java.base/java.lang.Thread.run(Thread.java:833) ~[na:na]

2022-09-29 18:38:19.896  INFO [albums-ws,,] 14052 --- [AsyncResolver-bootstrap-executor-0] c.n.d.s.r.aws.ConfigClusterResolver      : Resolving eureka endpoints via configuration
2022-09-29 18:43:19.907  INFO [albums-ws,,] 14052 --- [AsyncResolver-bootstrap-executor-0] c.n.d.s.r.aws.ConfigClusterResolver      : Resolving eureka endpoints via configuration
2022-09-29 18:48:19.917  INFO [albums-ws,,] 14052 --- [AsyncResolver-bootstrap-executor-0] c.n.d.s.r.aws.ConfigClusterResolver      : Resolving eureka endpoints via configuration
2022-09-29 18:53:19.920  INFO [albums-ws,,] 14052 --- [AsyncResolver-bootstrap-executor-0] c.n.d.s.r.aws.ConfigClusterResolver      : Resolving eureka endpoints via configuration
2022-09-29 18:58:19.922  INFO [albums-ws,,] 14052 --- [AsyncResolver-bootstrap-executor-0] c.n.d.s.r.aws.ConfigClusterResolver      : Resolving eureka endpoints via configuration
2022-09-29 19:03:19.930  INFO [albums-ws,,] 14052 --- [AsyncResolver-bootstrap-executor-0] c.n.d.s.r.aws.ConfigClusterResolver      : Resolving eureka endpoints via configuration
2022-09-29 19:08:19.932  INFO [albums-ws,,] 14052 --- [AsyncResolver-bootstrap-executor-0] c.n.d.s.r.aws.ConfigClusterResolver      : Resolving eureka endpoints via configuration
2022-09-29 19:13:19.933  INFO [albums-ws,,] 14052 --- [AsyncResolver-bootstrap-executor-0] c.n.d.s.r.aws.ConfigClusterResolver      : Resolving eureka endpoints via configuration
2022-09-29 19:18:19.939  INFO [albums-ws,,] 14052 --- [AsyncResolver-bootstrap-executor-0] c.n.d.s.r.aws.ConfigClusterResolver      : Resolving eureka endpoints via configuration
2022-09-29 19:23:19.956  INFO [albums-ws,,] 14052 --- [AsyncResolver-bootstrap-executor-0] c.n.d.s.r.aws.ConfigClusterResolver      : Resolving eureka endpoints via configuration
2022-09-29 19:28:19.971  INFO [albums-ws,,] 14052 --- [AsyncResolver-bootstrap-executor-0] c.n.d.s.r.aws.ConfigClusterResolver      : Resolving eureka endpoints via configuration
2022-09-29 19:33:20.087  INFO [albums-ws,,] 14052 --- [AsyncResolver-bootstrap-executor-0] c.n.d.s.r.aws.ConfigClusterResolver      : Resolving eureka endpoints via configuration
2022-09-29 19:38:20.094  INFO [albums-ws,,] 14052 --- [AsyncResolver-bootstrap-executor-0] c.n.d.s.r.aws.ConfigClusterResolver      : Resolving eureka endpoints via configuration
2022-09-29 19:43:20.103  INFO [albums-ws,,] 14052 --- [AsyncResolver-bootstrap-executor-0] c.n.d.s.r.aws.ConfigClusterResolver      : Resolving eureka endpoints via configuration
